<?xml version="1.0" encoding="UTF-8"?>
<testng-results ignored="0" total="1" passed="1" failed="0" skipped="0">
  <reporter-output>
  </reporter-output>
  <suite started-at="2025-11-19T04:48:32 IST" name="Default suite" finished-at="2025-11-19T04:48:42 IST" duration-ms="10216">
    <groups>
    </groups>
    <test started-at="2025-11-19T04:48:32 IST" name="Default test" finished-at="2025-11-19T04:48:42 IST" duration-ms="10216">
      <class name="register.TC_RF_001">
        <test-method signature="verifyRegisterAccountUsingMandatoryFields()[pri:0, instance:register.TC_RF_001@4135c3b]" started-at="2025-11-19T04:48:32 IST" name="verifyRegisterAccountUsingMandatoryFields" finished-at="2025-11-19T04:48:42 IST" duration-ms="10169" status="PASS">
          <reporter-output>
          </reporter-output>
        </test-method> <!-- verifyRegisterAccountUsingMandatoryFields -->
      </class> <!-- register.TC_RF_001 -->
    </test> <!-- Default test -->
  </suite> <!-- Default suite -->
</testng-results>
